<?xml version="1.0" encoding="UTF-8"?>
<!-- Generated by org.testng.reporters.JUnitXMLReporter -->
<testsuite ignored="4" hostname="DESKTOP-HIN4ESK" failures="0" tests="3" name="Test2" time="15.709" errors="0" timestamp="2024-11-20T10:39:30 IST">
  <testcase classname="Tests.Testcase3" name="Test3" time="2.447"/>
  <testcase classname="Tests.TestCase4" name="Test4" time="5.693"/>
  <testcase classname="Tests.TestCase5" name="Test5" time="2.37"/>
  <testcase classname="Base.base" name="@BeforeTest beforetest" time="0.0">
    <ignored/>
  </testcase> <!-- @BeforeTest beforetest -->
  <testcase classname="Base.base" name="@AfterTest aftertest" time="0.0">
    <ignored/>
  </testcase> <!-- @AfterTest aftertest -->
  <testcase classname="Base.base" name="@AfterTest aftertest" time="0.0">
    <ignored/>
  </testcase> <!-- @AfterTest aftertest -->
  <testcase classname="Base.base" name="@BeforeTest beforetest" time="0.0">
    <ignored/>
  </testcase> <!-- @BeforeTest beforetest -->
</testsuite> <!-- Test2 -->
