<?xml version="1.0" encoding="UTF-8"?>
<!-- Generated by org.testng.reporters.JUnitXMLReporter -->
<testsuite ignored="2" hostname="DESKTOP-HIN4ESK" failures="0" tests="2" name="Test1" time="41.994" errors="0" timestamp="2024-11-20T10:39:14 IST">
  <testcase classname="Tests.Testcase1" name="Test1" time="15.043"/>
  <testcase classname="Tests.Testcase2" name="Test2" time="13.672"/>
  <testcase classname="Base.base" name="@BeforeTest beforetest" time="0.0">
    <ignored/>
  </testcase> <!-- @BeforeTest beforetest -->
  <testcase classname="Base.base" name="@AfterTest aftertest" time="0.0">
    <ignored/>
  </testcase> <!-- @AfterTest aftertest -->
</testsuite> <!-- Test1 -->
