<?xml version="1.0" encoding="UTF-8"?>
<testng-results ignored="0" total="26" passed="26" failed="0" skipped="0">
  <reporter-output>
  </reporter-output>
  <suite started-at="2024-11-24T10:54:43 IST" name="Suite" finished-at="2024-11-24T11:03:42 IST" duration-ms="539119">
    <groups>
    </groups>
    <test started-at="2024-11-24T10:54:43 IST" name="Case1" finished-at="2024-11-24T10:55:39 IST" duration-ms="56013">
      <class name="Tests.TestCase1">
        <test-method is-config="true" signature="beforetest(java.lang.String,java.lang.String)[pri:0, instance:Tests.TestCase1@524f3b3a]" started-at="2024-11-24T10:54:43 IST" name="beforetest" finished-at="2024-11-24T10:54:57 IST" duration-ms="13918" status="PASS">
          <params>
            <param index="0">
              <value>
                <![CDATA[chrome]]>
              </value>
            </param>
            <param index="1">
              <value>
                <![CDATA[https://automationexercise.com/]]>
              </value>
            </param>
          </params>
          <reporter-output>
          </reporter-output>
        </test-method> <!-- beforetest -->
        <test-method signature="Test1()[pri:1, instance:Tests.TestCase1@524f3b3a]" started-at="2024-11-24T10:54:57 IST" name="Test1" description="Register User" finished-at="2024-11-24T10:55:13 IST" duration-ms="15946" status="PASS">
          <reporter-output>
          </reporter-output>
        </test-method> <!-- Test1 -->
        <test-method is-config="true" signature="aftertest()[pri:0, instance:Tests.TestCase1@524f3b3a]" started-at="2024-11-24T10:55:13 IST" name="aftertest" finished-at="2024-11-24T10:55:13 IST" duration-ms="380" status="PASS">
          <reporter-output>
          </reporter-output>
        </test-method> <!-- aftertest -->
      </class> <!-- Tests.TestCase1 -->
      <class name="Tests.TestCase2">
        <test-method is-config="true" signature="beforetest(java.lang.String,java.lang.String)[pri:0, instance:Tests.TestCase2@335b5620]" started-at="2024-11-24T10:55:13 IST" name="beforetest" finished-at="2024-11-24T10:55:18 IST" duration-ms="4935" status="PASS">
          <params>
            <param index="0">
              <value>
                <![CDATA[chrome]]>
              </value>
            </param>
            <param index="1">
              <value>
                <![CDATA[https://automationexercise.com/]]>
              </value>
            </param>
          </params>
          <reporter-output>
          </reporter-output>
        </test-method> <!-- beforetest -->
        <test-method signature="Test2()[pri:2, instance:Tests.TestCase2@335b5620]" started-at="2024-11-24T10:55:18 IST" name="Test2" description="Login User with correct email and password" finished-at="2024-11-24T10:55:39 IST" duration-ms="20528" status="PASS">
          <reporter-output>
          </reporter-output>
        </test-method> <!-- Test2 -->
        <test-method is-config="true" signature="aftertest()[pri:0, instance:Tests.TestCase2@335b5620]" started-at="2024-11-24T10:55:39 IST" name="aftertest" finished-at="2024-11-24T10:55:39 IST" duration-ms="237" status="PASS">
          <reporter-output>
          </reporter-output>
        </test-method> <!-- aftertest -->
      </class> <!-- Tests.TestCase2 -->
    </test> <!-- Case1 -->
    <test started-at="2024-11-24T10:55:40 IST" name="Case2" finished-at="2024-11-24T10:56:15 IST" duration-ms="35396">
      <class name="Tests.TestCase3">
        <test-method is-config="true" signature="beforetest(java.lang.String,java.lang.String)[pri:0, instance:Tests.TestCase3@16fdec90]" started-at="2024-11-24T10:55:40 IST" name="beforetest" finished-at="2024-11-24T10:55:45 IST" duration-ms="5250" status="PASS">
          <params>
            <param index="0">
              <value>
                <![CDATA[chrome]]>
              </value>
            </param>
            <param index="1">
              <value>
                <![CDATA[https://automationexercise.com/]]>
              </value>
            </param>
          </params>
          <reporter-output>
          </reporter-output>
        </test-method> <!-- beforetest -->
        <test-method signature="Test3()[pri:3, instance:Tests.TestCase3@16fdec90]" started-at="2024-11-24T10:55:45 IST" name="Test3" description="Login User with incorrect email and password" finished-at="2024-11-24T10:55:48 IST" duration-ms="3255" status="PASS">
          <reporter-output>
          </reporter-output>
        </test-method> <!-- Test3 -->
        <test-method is-config="true" signature="aftertest()[pri:0, instance:Tests.TestCase3@16fdec90]" started-at="2024-11-24T10:55:48 IST" name="aftertest" finished-at="2024-11-24T10:55:48 IST" duration-ms="225" status="PASS">
          <reporter-output>
          </reporter-output>
        </test-method> <!-- aftertest -->
      </class> <!-- Tests.TestCase3 -->
      <class name="Tests.TestCase4">
        <test-method is-config="true" signature="beforetest(java.lang.String,java.lang.String)[pri:0, instance:Tests.TestCase4@1afdd473]" started-at="2024-11-24T10:55:48 IST" name="beforetest" finished-at="2024-11-24T10:55:54 IST" duration-ms="5549" status="PASS">
          <params>
            <param index="0">
              <value>
                <![CDATA[chrome]]>
              </value>
            </param>
            <param index="1">
              <value>
                <![CDATA[https://automationexercise.com/]]>
              </value>
            </param>
          </params>
          <reporter-output>
          </reporter-output>
        </test-method> <!-- beforetest -->
        <test-method signature="Test4()[pri:4, instance:Tests.TestCase4@1afdd473]" started-at="2024-11-24T10:55:54 IST" name="Test4" description="Logout User" finished-at="2024-11-24T10:56:15 IST" duration-ms="20852" status="PASS">
          <reporter-output>
          </reporter-output>
        </test-method> <!-- Test4 -->
        <test-method is-config="true" signature="aftertest()[pri:0, instance:Tests.TestCase4@1afdd473]" started-at="2024-11-24T10:56:15 IST" name="aftertest" finished-at="2024-11-24T10:56:15 IST" duration-ms="255" status="PASS">
          <reporter-output>
          </reporter-output>
        </test-method> <!-- aftertest -->
      </class> <!-- Tests.TestCase4 -->
    </test> <!-- Case2 -->
    <test started-at="2024-11-24T10:56:15 IST" name="Case3" finished-at="2024-11-24T10:56:58 IST" duration-ms="42382">
      <class name="Tests.TestCase5">
        <test-method is-config="true" signature="beforetest(java.lang.String,java.lang.String)[pri:0, instance:Tests.TestCase5@4eb386df]" started-at="2024-11-24T10:56:15 IST" name="beforetest" finished-at="2024-11-24T10:56:20 IST" duration-ms="4597" status="PASS">
          <params>
            <param index="0">
              <value>
                <![CDATA[chrome]]>
              </value>
            </param>
            <param index="1">
              <value>
                <![CDATA[https://automationexercise.com/]]>
              </value>
            </param>
          </params>
          <reporter-output>
          </reporter-output>
        </test-method> <!-- beforetest -->
        <test-method signature="Test5()[pri:5, instance:Tests.TestCase5@4eb386df]" started-at="2024-11-24T10:56:20 IST" name="Test5" description="Register User with existing email" finished-at="2024-11-24T10:56:47 IST" duration-ms="27528" status="PASS">
          <reporter-output>
          </reporter-output>
        </test-method> <!-- Test5 -->
        <test-method is-config="true" signature="aftertest()[pri:0, instance:Tests.TestCase5@4eb386df]" started-at="2024-11-24T10:56:47 IST" name="aftertest" finished-at="2024-11-24T10:56:48 IST" duration-ms="277" status="PASS">
          <reporter-output>
          </reporter-output>
        </test-method> <!-- aftertest -->
      </class> <!-- Tests.TestCase5 -->
      <class name="Tests.TestCase6">
        <test-method is-config="true" signature="beforetest(java.lang.String,java.lang.String)[pri:0, instance:Tests.TestCase6@79517588]" started-at="2024-11-24T10:56:48 IST" name="beforetest" finished-at="2024-11-24T10:56:52 IST" duration-ms="4463" status="PASS">
          <params>
            <param index="0">
              <value>
                <![CDATA[chrome]]>
              </value>
            </param>
            <param index="1">
              <value>
                <![CDATA[https://automationexercise.com/]]>
              </value>
            </param>
          </params>
          <reporter-output>
          </reporter-output>
        </test-method> <!-- beforetest -->
        <test-method signature="Test6()[pri:6, instance:Tests.TestCase6@79517588]" started-at="2024-11-24T10:56:52 IST" name="Test6" description="Contact Us Form" finished-at="2024-11-24T10:56:57 IST" duration-ms="5230" status="PASS">
          <reporter-output>
          </reporter-output>
        </test-method> <!-- Test6 -->
        <test-method is-config="true" signature="aftertest()[pri:0, instance:Tests.TestCase6@79517588]" started-at="2024-11-24T10:56:57 IST" name="aftertest" finished-at="2024-11-24T10:56:58 IST" duration-ms="280" status="PASS">
          <reporter-output>
          </reporter-output>
        </test-method> <!-- aftertest -->
      </class> <!-- Tests.TestCase6 -->
    </test> <!-- Case3 -->
    <test started-at="2024-11-24T10:56:58 IST" name="Case4" finished-at="2024-11-24T10:57:22 IST" duration-ms="23906">
      <class name="Tests.TestCase7">
        <test-method is-config="true" signature="beforetest(java.lang.String,java.lang.String)[pri:0, instance:Tests.TestCase7@503ecb24]" started-at="2024-11-24T10:56:58 IST" name="beforetest" finished-at="2024-11-24T10:57:03 IST" duration-ms="5331" status="PASS">
          <params>
            <param index="0">
              <value>
                <![CDATA[chrome]]>
              </value>
            </param>
            <param index="1">
              <value>
                <![CDATA[https://automationexercise.com/]]>
              </value>
            </param>
          </params>
          <reporter-output>
          </reporter-output>
        </test-method> <!-- beforetest -->
        <test-method signature="Test7()[pri:7, instance:Tests.TestCase7@503ecb24]" started-at="2024-11-24T10:57:03 IST" name="Test7" description="Verify Test Cases Page" finished-at="2024-11-24T10:57:05 IST" duration-ms="2071" status="PASS">
          <reporter-output>
          </reporter-output>
        </test-method> <!-- Test7 -->
        <test-method is-config="true" signature="aftertest()[pri:0, instance:Tests.TestCase7@503ecb24]" started-at="2024-11-24T10:57:05 IST" name="aftertest" finished-at="2024-11-24T10:57:05 IST" duration-ms="409" status="PASS">
          <reporter-output>
          </reporter-output>
        </test-method> <!-- aftertest -->
      </class> <!-- Tests.TestCase7 -->
      <class name="Tests.TestCase8">
        <test-method is-config="true" signature="beforetest(java.lang.String,java.lang.String)[pri:0, instance:Tests.TestCase8@4c51cf28]" started-at="2024-11-24T10:57:05 IST" name="beforetest" finished-at="2024-11-24T10:57:11 IST" duration-ms="5875" status="PASS">
          <params>
            <param index="0">
              <value>
                <![CDATA[chrome]]>
              </value>
            </param>
            <param index="1">
              <value>
                <![CDATA[https://automationexercise.com/]]>
              </value>
            </param>
          </params>
          <reporter-output>
          </reporter-output>
        </test-method> <!-- beforetest -->
        <test-method signature="Test8()[pri:8, instance:Tests.TestCase8@4c51cf28]" started-at="2024-11-24T10:57:11 IST" name="Test8" description="Verify All Products and product detail page" finished-at="2024-11-24T10:57:21 IST" duration-ms="9690" status="PASS">
          <reporter-output>
          </reporter-output>
        </test-method> <!-- Test8 -->
        <test-method is-config="true" signature="aftertest()[pri:0, instance:Tests.TestCase8@4c51cf28]" started-at="2024-11-24T10:57:21 IST" name="aftertest" finished-at="2024-11-24T10:57:22 IST" duration-ms="520" status="PASS">
          <reporter-output>
          </reporter-output>
        </test-method> <!-- aftertest -->
      </class> <!-- Tests.TestCase8 -->
    </test> <!-- Case4 -->
    <test started-at="2024-11-24T10:57:22 IST" name="Case5" finished-at="2024-11-24T10:57:43 IST" duration-ms="21392">
      <class name="Tests.TestCase10">
        <test-method is-config="true" signature="beforetest(java.lang.String,java.lang.String)[pri:0, instance:Tests.TestCase10@294a6b8e]" started-at="2024-11-24T10:57:34 IST" name="beforetest" finished-at="2024-11-24T10:57:39 IST" duration-ms="4818" status="PASS">
          <params>
            <param index="0">
              <value>
                <![CDATA[chrome]]>
              </value>
            </param>
            <param index="1">
              <value>
                <![CDATA[https://automationexercise.com/]]>
              </value>
            </param>
          </params>
          <reporter-output>
          </reporter-output>
        </test-method> <!-- beforetest -->
        <test-method signature="Test10()[pri:10, instance:Tests.TestCase10@294a6b8e]" started-at="2024-11-24T10:57:39 IST" name="Test10" description="Verify Subscription in home page" finished-at="2024-11-24T10:57:43 IST" duration-ms="3359" status="PASS">
          <reporter-output>
          </reporter-output>
        </test-method> <!-- Test10 -->
        <test-method is-config="true" signature="aftertest()[pri:0, instance:Tests.TestCase10@294a6b8e]" started-at="2024-11-24T10:57:43 IST" name="aftertest" finished-at="2024-11-24T10:57:43 IST" duration-ms="421" status="PASS">
          <reporter-output>
          </reporter-output>
        </test-method> <!-- aftertest -->
      </class> <!-- Tests.TestCase10 -->
      <class name="Tests.TestCase9">
        <test-method is-config="true" signature="beforetest(java.lang.String,java.lang.String)[pri:0, instance:Tests.TestCase9@5b1ebf56]" started-at="2024-11-24T10:57:22 IST" name="beforetest" finished-at="2024-11-24T10:57:28 IST" duration-ms="5925" status="PASS">
          <params>
            <param index="0">
              <value>
                <![CDATA[chrome]]>
              </value>
            </param>
            <param index="1">
              <value>
                <![CDATA[https://automationexercise.com/]]>
              </value>
            </param>
          </params>
          <reporter-output>
          </reporter-output>
        </test-method> <!-- beforetest -->
        <test-method signature="Test9()[pri:9, instance:Tests.TestCase9@5b1ebf56]" started-at="2024-11-24T10:57:28 IST" name="Test9" description="Search Product" finished-at="2024-11-24T10:57:34 IST" duration-ms="6501" status="PASS">
          <reporter-output>
          </reporter-output>
        </test-method> <!-- Test9 -->
        <test-method is-config="true" signature="aftertest()[pri:0, instance:Tests.TestCase9@5b1ebf56]" started-at="2024-11-24T10:57:34 IST" name="aftertest" finished-at="2024-11-24T10:57:34 IST" duration-ms="359" status="PASS">
          <reporter-output>
          </reporter-output>
        </test-method> <!-- aftertest -->
      </class> <!-- Tests.TestCase9 -->
    </test> <!-- Case5 -->
    <test started-at="2024-11-24T10:57:43 IST" name="Case6" finished-at="2024-11-24T10:58:22 IST" duration-ms="38436">
      <class name="Tests.TestCase12">
        <test-method is-config="true" signature="beforetest(java.lang.String,java.lang.String)[pri:0, instance:Tests.TestCase12@74bada02]" started-at="2024-11-24T10:57:53 IST" name="beforetest" finished-at="2024-11-24T10:58:08 IST" duration-ms="14601" status="PASS">
          <params>
            <param index="0">
              <value>
                <![CDATA[chrome]]>
              </value>
            </param>
            <param index="1">
              <value>
                <![CDATA[https://automationexercise.com/]]>
              </value>
            </param>
          </params>
          <reporter-output>
          </reporter-output>
        </test-method> <!-- beforetest -->
        <test-method signature="Test12()[pri:12, instance:Tests.TestCase12@74bada02]" started-at="2024-11-24T10:58:08 IST" name="Test12" description="Add Products in Cart" finished-at="2024-11-24T10:58:21 IST" duration-ms="13002" status="PASS">
          <reporter-output>
          </reporter-output>
        </test-method> <!-- Test12 -->
        <test-method is-config="true" signature="aftertest()[pri:0, instance:Tests.TestCase12@74bada02]" started-at="2024-11-24T10:58:21 IST" name="aftertest" finished-at="2024-11-24T10:58:22 IST" duration-ms="529" status="PASS">
          <reporter-output>
          </reporter-output>
        </test-method> <!-- aftertest -->
      </class> <!-- Tests.TestCase12 -->
      <class name="Tests.TestCase11">
        <test-method is-config="true" signature="beforetest(java.lang.String,java.lang.String)[pri:0, instance:Tests.TestCase11@16414e40]" started-at="2024-11-24T10:57:43 IST" name="beforetest" finished-at="2024-11-24T10:57:48 IST" duration-ms="5390" status="PASS">
          <params>
            <param index="0">
              <value>
                <![CDATA[chrome]]>
              </value>
            </param>
            <param index="1">
              <value>
                <![CDATA[https://automationexercise.com/]]>
              </value>
            </param>
          </params>
          <reporter-output>
          </reporter-output>
        </test-method> <!-- beforetest -->
        <test-method signature="Test11()[pri:11, instance:Tests.TestCase11@16414e40]" started-at="2024-11-24T10:57:49 IST" name="Test11" description="Verify Subscription in Cart page" finished-at="2024-11-24T10:57:53 IST" duration-ms="4435" status="PASS">
          <reporter-output>
          </reporter-output>
        </test-method> <!-- Test11 -->
        <test-method is-config="true" signature="aftertest()[pri:0, instance:Tests.TestCase11@16414e40]" started-at="2024-11-24T10:57:53 IST" name="aftertest" finished-at="2024-11-24T10:57:53 IST" duration-ms="472" status="PASS">
          <reporter-output>
          </reporter-output>
        </test-method> <!-- aftertest -->
      </class> <!-- Tests.TestCase11 -->
    </test> <!-- Case6 -->
    <test started-at="2024-11-24T10:58:22 IST" name="Case7" finished-at="2024-11-24T10:59:12 IST" duration-ms="50775">
      <class name="Tests.TestCase14">
        <test-method is-config="true" signature="beforetest(java.lang.String,java.lang.String)[pri:0, instance:Tests.TestCase14@34a875b3]" started-at="2024-11-24T10:58:34 IST" name="beforetest" finished-at="2024-11-24T10:58:39 IST" duration-ms="5476" status="PASS">
          <params>
            <param index="0">
              <value>
                <![CDATA[chrome]]>
              </value>
            </param>
            <param index="1">
              <value>
                <![CDATA[https://automationexercise.com/]]>
              </value>
            </param>
          </params>
          <reporter-output>
          </reporter-output>
        </test-method> <!-- beforetest -->
        <test-method signature="Test14()[pri:14, instance:Tests.TestCase14@34a875b3]" started-at="2024-11-24T10:58:39 IST" name="Test14" description="Place Order: Register while Checkout" finished-at="2024-11-24T10:59:12 IST" duration-ms="32647" status="PASS">
          <reporter-output>
          </reporter-output>
        </test-method> <!-- Test14 -->
        <test-method is-config="true" signature="aftertest()[pri:0, instance:Tests.TestCase14@34a875b3]" started-at="2024-11-24T10:59:12 IST" name="aftertest" finished-at="2024-11-24T10:59:12 IST" duration-ms="336" status="PASS">
          <reporter-output>
          </reporter-output>
        </test-method> <!-- aftertest -->
      </class> <!-- Tests.TestCase14 -->
      <class name="Tests.TestCase13">
        <test-method is-config="true" signature="beforetest(java.lang.String,java.lang.String)[pri:0, instance:Tests.TestCase13@db57326]" started-at="2024-11-24T10:58:22 IST" name="beforetest" finished-at="2024-11-24T10:58:27 IST" duration-ms="5646" status="PASS">
          <params>
            <param index="0">
              <value>
                <![CDATA[chrome]]>
              </value>
            </param>
            <param index="1">
              <value>
                <![CDATA[https://automationexercise.com/]]>
              </value>
            </param>
          </params>
          <reporter-output>
          </reporter-output>
        </test-method> <!-- beforetest -->
        <test-method signature="Test13()[pri:13, instance:Tests.TestCase13@db57326]" started-at="2024-11-24T10:58:27 IST" name="Test13" description="Verify Product quantity in Cart" finished-at="2024-11-24T10:58:34 IST" duration-ms="6351" status="PASS">
          <reporter-output>
          </reporter-output>
        </test-method> <!-- Test13 -->
        <test-method is-config="true" signature="aftertest()[pri:0, instance:Tests.TestCase13@db57326]" started-at="2024-11-24T10:58:34 IST" name="aftertest" finished-at="2024-11-24T10:58:34 IST" duration-ms="314" status="PASS">
          <reporter-output>
          </reporter-output>
        </test-method> <!-- aftertest -->
      </class> <!-- Tests.TestCase13 -->
    </test> <!-- Case7 -->
    <test started-at="2024-11-24T10:59:12 IST" name="Case8" finished-at="2024-11-24T11:00:21 IST" duration-ms="68459">
      <class name="Tests.TestCase16">
        <test-method is-config="true" signature="beforetest(java.lang.String,java.lang.String)[pri:0, instance:Tests.TestCase16@176b3f44]" started-at="2024-11-24T10:59:46 IST" name="beforetest" finished-at="2024-11-24T10:59:51 IST" duration-ms="5207" status="PASS">
          <params>
            <param index="0">
              <value>
                <![CDATA[chrome]]>
              </value>
            </param>
            <param index="1">
              <value>
                <![CDATA[https://automationexercise.com/]]>
              </value>
            </param>
          </params>
          <reporter-output>
          </reporter-output>
        </test-method> <!-- beforetest -->
        <test-method signature="Test16()[pri:16, instance:Tests.TestCase16@176b3f44]" started-at="2024-11-24T10:59:51 IST" name="Test16" description=" Place Order: Login before Checkout" finished-at="2024-11-24T11:00:21 IST" duration-ms="29780" status="PASS">
          <reporter-output>
          </reporter-output>
        </test-method> <!-- Test16 -->
        <test-method is-config="true" signature="aftertest()[pri:0, instance:Tests.TestCase16@176b3f44]" started-at="2024-11-24T11:00:21 IST" name="aftertest" finished-at="2024-11-24T11:00:21 IST" duration-ms="294" status="PASS">
          <reporter-output>
          </reporter-output>
        </test-method> <!-- aftertest -->
      </class> <!-- Tests.TestCase16 -->
      <class name="Tests.TestCase15">
        <test-method is-config="true" signature="beforetest(java.lang.String,java.lang.String)[pri:0, instance:Tests.TestCase15@6dee4f1b]" started-at="2024-11-24T10:59:12 IST" name="beforetest" finished-at="2024-11-24T10:59:18 IST" duration-ms="5939" status="PASS">
          <params>
            <param index="0">
              <value>
                <![CDATA[chrome]]>
              </value>
            </param>
            <param index="1">
              <value>
                <![CDATA[https://automationexercise.com/]]>
              </value>
            </param>
          </params>
          <reporter-output>
          </reporter-output>
        </test-method> <!-- beforetest -->
        <test-method signature="Test15()[pri:15, instance:Tests.TestCase15@6dee4f1b]" started-at="2024-11-24T10:59:18 IST" name="Test15" description="Place Order: Register before Checkout" finished-at="2024-11-24T10:59:45 IST" duration-ms="26901" status="PASS">
          <reporter-output>
          </reporter-output>
        </test-method> <!-- Test15 -->
        <test-method is-config="true" signature="aftertest()[pri:0, instance:Tests.TestCase15@6dee4f1b]" started-at="2024-11-24T10:59:45 IST" name="aftertest" finished-at="2024-11-24T10:59:46 IST" duration-ms="328" status="PASS">
          <reporter-output>
          </reporter-output>
        </test-method> <!-- aftertest -->
      </class> <!-- Tests.TestCase15 -->
    </test> <!-- Case8 -->
    <test started-at="2024-11-24T11:00:21 IST" name="Case9" finished-at="2024-11-24T11:00:42 IST" duration-ms="20817">
      <class name="Tests.TestCase18">
        <test-method is-config="true" signature="beforetest(java.lang.String,java.lang.String)[pri:0, instance:Tests.TestCase18@4b3ed2f0]" started-at="2024-11-24T11:00:33 IST" name="beforetest" finished-at="2024-11-24T11:00:37 IST" duration-ms="4637" status="PASS">
          <params>
            <param index="0">
              <value>
                <![CDATA[chrome]]>
              </value>
            </param>
            <param index="1">
              <value>
                <![CDATA[https://automationexercise.com/]]>
              </value>
            </param>
          </params>
          <reporter-output>
          </reporter-output>
        </test-method> <!-- beforetest -->
        <test-method signature="Test18()[pri:18, instance:Tests.TestCase18@4b3ed2f0]" started-at="2024-11-24T11:00:37 IST" name="Test18" description=" View Category Products" finished-at="2024-11-24T11:00:41 IST" duration-ms="3911" status="PASS">
          <reporter-output>
          </reporter-output>
        </test-method> <!-- Test18 -->
        <test-method is-config="true" signature="aftertest()[pri:0, instance:Tests.TestCase18@4b3ed2f0]" started-at="2024-11-24T11:00:41 IST" name="aftertest" finished-at="2024-11-24T11:00:42 IST" duration-ms="369" status="PASS">
          <reporter-output>
          </reporter-output>
        </test-method> <!-- aftertest -->
      </class> <!-- Tests.TestCase18 -->
      <class name="Tests.TestCase17">
        <test-method is-config="true" signature="beforetest(java.lang.String,java.lang.String)[pri:0, instance:Tests.TestCase17@31bcf236]" started-at="2024-11-24T11:00:21 IST" name="beforetest" finished-at="2024-11-24T11:00:27 IST" duration-ms="5804" status="PASS">
          <params>
            <param index="0">
              <value>
                <![CDATA[chrome]]>
              </value>
            </param>
            <param index="1">
              <value>
                <![CDATA[https://automationexercise.com/]]>
              </value>
            </param>
          </params>
          <reporter-output>
          </reporter-output>
        </test-method> <!-- beforetest -->
        <test-method signature="Test17()[pri:17, instance:Tests.TestCase17@31bcf236]" started-at="2024-11-24T11:00:27 IST" name="Test17" description="Remove Products From Cart" finished-at="2024-11-24T11:00:32 IST" duration-ms="5680" status="PASS">
          <reporter-output>
          </reporter-output>
        </test-method> <!-- Test17 -->
        <test-method is-config="true" signature="aftertest()[pri:0, instance:Tests.TestCase17@31bcf236]" started-at="2024-11-24T11:00:32 IST" name="aftertest" finished-at="2024-11-24T11:00:33 IST" duration-ms="410" status="PASS">
          <reporter-output>
          </reporter-output>
        </test-method> <!-- aftertest -->
      </class> <!-- Tests.TestCase17 -->
    </test> <!-- Case9 -->
    <test started-at="2024-11-24T11:00:42 IST" name="Case10" finished-at="2024-11-24T11:01:31 IST" duration-ms="49357">
      <class name="Tests.TestCase19">
        <test-method is-config="true" signature="beforetest(java.lang.String,java.lang.String)[pri:0, instance:Tests.TestCase19@149dd36b]" started-at="2024-11-24T11:00:42 IST" name="beforetest" finished-at="2024-11-24T11:00:46 IST" duration-ms="4622" status="PASS">
          <params>
            <param index="0">
              <value>
                <![CDATA[chrome]]>
              </value>
            </param>
            <param index="1">
              <value>
                <![CDATA[https://automationexercise.com/]]>
              </value>
            </param>
          </params>
          <reporter-output>
          </reporter-output>
        </test-method> <!-- beforetest -->
        <test-method signature="Test19()[pri:19, instance:Tests.TestCase19@149dd36b]" started-at="2024-11-24T11:00:46 IST" name="Test19" description="View &amp; Cart Brand Products" finished-at="2024-11-24T11:00:53 IST" duration-ms="6240" status="PASS">
          <reporter-output>
          </reporter-output>
        </test-method> <!-- Test19 -->
        <test-method is-config="true" signature="aftertest()[pri:0, instance:Tests.TestCase19@149dd36b]" started-at="2024-11-24T11:00:53 IST" name="aftertest" finished-at="2024-11-24T11:00:53 IST" duration-ms="441" status="PASS">
          <reporter-output>
          </reporter-output>
        </test-method> <!-- aftertest -->
      </class> <!-- Tests.TestCase19 -->
      <class name="Tests.TestCase20">
        <test-method is-config="true" signature="beforetest(java.lang.String,java.lang.String)[pri:0, instance:Tests.TestCase20@38831718]" started-at="2024-11-24T11:00:53 IST" name="beforetest" finished-at="2024-11-24T11:00:58 IST" duration-ms="4990" status="PASS">
          <params>
            <param index="0">
              <value>
                <![CDATA[chrome]]>
              </value>
            </param>
            <param index="1">
              <value>
                <![CDATA[https://automationexercise.com/]]>
              </value>
            </param>
          </params>
          <reporter-output>
          </reporter-output>
        </test-method> <!-- beforetest -->
        <test-method signature="Test20()[pri:20, instance:Tests.TestCase20@38831718]" started-at="2024-11-24T11:00:58 IST" name="Test20" description="Search Products and Verify Cart After Login" finished-at="2024-11-24T11:01:31 IST" duration-ms="32747" status="PASS">
          <reporter-output>
          </reporter-output>
        </test-method> <!-- Test20 -->
        <test-method is-config="true" signature="aftertest()[pri:0, instance:Tests.TestCase20@38831718]" started-at="2024-11-24T11:01:31 IST" name="aftertest" finished-at="2024-11-24T11:01:31 IST" duration-ms="309" status="PASS">
          <reporter-output>
          </reporter-output>
        </test-method> <!-- aftertest -->
      </class> <!-- Tests.TestCase20 -->
    </test> <!-- Case10 -->
    <test started-at="2024-11-24T11:01:31 IST" name="Case11" finished-at="2024-11-24T11:02:05 IST" duration-ms="34203">
      <class name="Tests.TestCase22">
        <test-method is-config="true" signature="beforetest(java.lang.String,java.lang.String)[pri:0, instance:Tests.TestCase22@71529963]" started-at="2024-11-24T11:01:42 IST" name="beforetest" finished-at="2024-11-24T11:01:47 IST" duration-ms="4838" status="PASS">
          <params>
            <param index="0">
              <value>
                <![CDATA[chrome]]>
              </value>
            </param>
            <param index="1">
              <value>
                <![CDATA[https://automationexercise.com/]]>
              </value>
            </param>
          </params>
          <reporter-output>
          </reporter-output>
        </test-method> <!-- beforetest -->
        <test-method signature="Test22()[pri:22, instance:Tests.TestCase22@71529963]" started-at="2024-11-24T11:01:47 IST" name="Test22" description=" Add to cart from Recommended items" finished-at="2024-11-24T11:02:05 IST" duration-ms="17846" status="PASS">
          <reporter-output>
          </reporter-output>
        </test-method> <!-- Test22 -->
        <test-method is-config="true" signature="aftertest()[pri:0, instance:Tests.TestCase22@71529963]" started-at="2024-11-24T11:02:05 IST" name="aftertest" finished-at="2024-11-24T11:02:05 IST" duration-ms="497" status="PASS">
          <reporter-output>
          </reporter-output>
        </test-method> <!-- aftertest -->
      </class> <!-- Tests.TestCase22 -->
      <class name="Tests.TestCase21">
        <test-method is-config="true" signature="beforetest(java.lang.String,java.lang.String)[pri:0, instance:Tests.TestCase21@512535ff]" started-at="2024-11-24T11:01:31 IST" name="beforetest" finished-at="2024-11-24T11:01:37 IST" duration-ms="5691" status="PASS">
          <params>
            <param index="0">
              <value>
                <![CDATA[chrome]]>
              </value>
            </param>
            <param index="1">
              <value>
                <![CDATA[https://automationexercise.com/]]>
              </value>
            </param>
          </params>
          <reporter-output>
          </reporter-output>
        </test-method> <!-- beforetest -->
        <test-method signature="Test21()[pri:21, instance:Tests.TestCase21@512535ff]" started-at="2024-11-24T11:01:37 IST" name="Test21" description="Add review on product" finished-at="2024-11-24T11:01:42 IST" duration-ms="4927" status="PASS">
          <reporter-output>
          </reporter-output>
        </test-method> <!-- Test21 -->
        <test-method is-config="true" signature="aftertest()[pri:0, instance:Tests.TestCase21@512535ff]" started-at="2024-11-24T11:01:42 IST" name="aftertest" finished-at="2024-11-24T11:01:42 IST" duration-ms="398" status="PASS">
          <reporter-output>
          </reporter-output>
        </test-method> <!-- aftertest -->
      </class> <!-- Tests.TestCase21 -->
    </test> <!-- Case11 -->
    <test started-at="2024-11-24T11:02:06 IST" name="Case12" finished-at="2024-11-24T11:03:25 IST" duration-ms="79653">
      <class name="Tests.TestCase24">
        <test-method is-config="true" signature="beforetest(java.lang.String,java.lang.String)[pri:0, instance:Tests.TestCase24@77258e59]" started-at="2024-11-24T11:02:40 IST" name="beforetest" finished-at="2024-11-24T11:02:46 IST" duration-ms="5490" status="PASS">
          <params>
            <param index="0">
              <value>
                <![CDATA[chrome]]>
              </value>
            </param>
            <param index="1">
              <value>
                <![CDATA[https://automationexercise.com/]]>
              </value>
            </param>
          </params>
          <reporter-output>
          </reporter-output>
        </test-method> <!-- beforetest -->
        <test-method signature="Test24()[pri:24, instance:Tests.TestCase24@77258e59]" started-at="2024-11-24T11:02:46 IST" name="Test24" description=" Download Invoice after purchase order" finished-at="2024-11-24T11:03:25 IST" duration-ms="39116" status="PASS">
          <reporter-output>
          </reporter-output>
        </test-method> <!-- Test24 -->
        <test-method is-config="true" signature="aftertest()[pri:0, instance:Tests.TestCase24@77258e59]" started-at="2024-11-24T11:03:25 IST" name="aftertest" finished-at="2024-11-24T11:03:25 IST" duration-ms="443" status="PASS">
          <reporter-output>
          </reporter-output>
        </test-method> <!-- aftertest -->
      </class> <!-- Tests.TestCase24 -->
      <class name="Tests.TestCase23">
        <test-method is-config="true" signature="beforetest(java.lang.String,java.lang.String)[pri:0, instance:Tests.TestCase23@70f59913]" started-at="2024-11-24T11:02:06 IST" name="beforetest" finished-at="2024-11-24T11:02:19 IST" duration-ms="13109" status="PASS">
          <params>
            <param index="0">
              <value>
                <![CDATA[chrome]]>
              </value>
            </param>
            <param index="1">
              <value>
                <![CDATA[https://automationexercise.com/]]>
              </value>
            </param>
          </params>
          <reporter-output>
          </reporter-output>
        </test-method> <!-- beforetest -->
        <test-method signature="Test23()[pri:23, instance:Tests.TestCase23@70f59913]" started-at="2024-11-24T11:02:19 IST" name="Test23" description=" Verify address details in checkout page" finished-at="2024-11-24T11:02:40 IST" duration-ms="21115" status="PASS">
          <reporter-output>
          </reporter-output>
        </test-method> <!-- Test23 -->
        <test-method is-config="true" signature="aftertest()[pri:0, instance:Tests.TestCase23@70f59913]" started-at="2024-11-24T11:02:40 IST" name="aftertest" finished-at="2024-11-24T11:02:40 IST" duration-ms="375" status="PASS">
          <reporter-output>
          </reporter-output>
        </test-method> <!-- aftertest -->
      </class> <!-- Tests.TestCase23 -->
    </test> <!-- Case12 -->
    <test started-at="2024-11-24T11:03:25 IST" name="Case13" finished-at="2024-11-24T11:03:42 IST" duration-ms="17097">
      <class name="Tests.TestCase26">
        <test-method is-config="true" signature="beforetest(java.lang.String,java.lang.String)[pri:0, instance:Tests.TestCase26@8dbfffb]" started-at="2024-11-24T11:03:35 IST" name="beforetest" finished-at="2024-11-24T11:03:40 IST" duration-ms="4544" status="PASS">
          <params>
            <param index="0">
              <value>
                <![CDATA[chrome]]>
              </value>
            </param>
            <param index="1">
              <value>
                <![CDATA[https://automationexercise.com/]]>
              </value>
            </param>
          </params>
          <reporter-output>
          </reporter-output>
        </test-method> <!-- beforetest -->
        <test-method signature="Test26()[pri:26, instance:Tests.TestCase26@8dbfffb]" started-at="2024-11-24T11:03:40 IST" name="Test26" description="Verify Scroll Up without &#039;Arrow&#039; button and Scroll Down functionality" finished-at="2024-11-24T11:03:42 IST" duration-ms="2365" status="PASS">
          <reporter-output>
          </reporter-output>
        </test-method> <!-- Test26 -->
        <test-method is-config="true" signature="aftertest()[pri:0, instance:Tests.TestCase26@8dbfffb]" started-at="2024-11-24T11:03:42 IST" name="aftertest" finished-at="2024-11-24T11:03:42 IST" duration-ms="369" status="PASS">
          <reporter-output>
          </reporter-output>
        </test-method> <!-- aftertest -->
      </class> <!-- Tests.TestCase26 -->
      <class name="Tests.TestCase25">
        <test-method is-config="true" signature="beforetest(java.lang.String,java.lang.String)[pri:0, instance:Tests.TestCase25@41d426b5]" started-at="2024-11-24T11:03:25 IST" name="beforetest" finished-at="2024-11-24T11:03:31 IST" duration-ms="5826" status="PASS">
          <params>
            <param index="0">
              <value>
                <![CDATA[chrome]]>
              </value>
            </param>
            <param index="1">
              <value>
                <![CDATA[https://automationexercise.com/]]>
              </value>
            </param>
          </params>
          <reporter-output>
          </reporter-output>
        </test-method> <!-- beforetest -->
        <test-method signature="Test25()[pri:25, instance:Tests.TestCase25@41d426b5]" started-at="2024-11-24T11:03:31 IST" name="Test25" description="Verify Scroll Up using &#039;Arrow&#039; button and Scroll Down functionality" finished-at="2024-11-24T11:03:35 IST" duration-ms="3570" status="PASS">
          <reporter-output>
          </reporter-output>
        </test-method> <!-- Test25 -->
        <test-method is-config="true" signature="aftertest()[pri:0, instance:Tests.TestCase25@41d426b5]" started-at="2024-11-24T11:03:35 IST" name="aftertest" finished-at="2024-11-24T11:03:35 IST" duration-ms="413" status="PASS">
          <reporter-output>
          </reporter-output>
        </test-method> <!-- aftertest -->
      </class> <!-- Tests.TestCase25 -->
    </test> <!-- Case13 -->
  </suite> <!-- Suite -->
</testng-results>
