<?xml version="1.0" encoding="UTF-8"?>
<testsuite xmlns:xsi="http://www.w3.org/2001/XMLSchema-instance" xsi:noNamespaceSchemaLocation="https://maven.apache.org/surefire/maven-surefire-plugin/xsd/surefire-test-report-3.0.xsd" version="3.0" name="TestSuite" time="540.906" tests="26" errors="0" skipped="0" failures="0">
  <properties>
[...]
</properties>
  <testcase name="Test1" classname="Tests.TestCase1" time="15.947">
    <system-out><![CDATA[Yes it landed in correct page.. - Automation Exercise
Text is present - New User Signup!
Text is present - ENTER ACCOUNT INFORMATION
Text is present - ACCOUNT CREATED!
Text is present - Logged in as Harini
Text is present - Logged in as Harini
Text is present - ACCOUNT DELETED!
.........................Testcase 1 Completed.........................
]]></system-out>
    <system-err><![CDATA[SLF4J(W): No SLF4J providers were found.
SLF4J(W): Defaulting to no-operation (NOP) logger implementation
SLF4J(W): See https://www.slf4j.org/codes.html#noProviders for further details.
Nov 24, 2024 10:54:46 AM org.openqa.selenium.devtools.CdpVersionFinder findNearestMatch
WARNING: Unable to find CDP implementation matching 131
Nov 24, 2024 10:54:46 AM org.openqa.selenium.chromium.ChromiumDriver lambda$new$5
WARNING: Unable to find version of CDP to use for 131.0.6778.86. You may need to include a dependency on a specific version of the CDP using something similar to `org.seleniumhq.selenium:selenium-devtools-v86:4.18.1` where the version ("v86") matches the version of the chromium-based browser you're using and the version number of the artifact is the same as Selenium's.
]]></system-err>
  </testcase>
  <testcase name="Test2" classname="Tests.TestCase2" time="20.528">
    <system-out><![CDATA[Yes it landed in correct page.. - Automation Exercise
Text is present - New User Signup!User onboarding tools
Text is present - ENTER ACCOUNT INFORMATION
Text is present - ACCOUNT CREATED!
Text is present - Logged in as Harini
Text is present - Login to your account
Text is present - Logged in as Harini
Text is present - ACCOUNT DELETED!
.........................Testcase 2 Completed.........................
]]></system-out>
    <system-err><![CDATA[Nov 24, 2024 10:55:15 AM org.openqa.selenium.devtools.CdpVersionFinder findNearestMatch
WARNING: Unable to find CDP implementation matching 131
Nov 24, 2024 10:55:15 AM org.openqa.selenium.chromium.ChromiumDriver lambda$new$5
WARNING: Unable to find version of CDP to use for 131.0.6778.86. You may need to include a dependency on a specific version of the CDP using something similar to `org.seleniumhq.selenium:selenium-devtools-v86:4.18.1` where the version ("v86") matches the version of the chromium-based browser you're using and the version number of the artifact is the same as Selenium's.
]]></system-err>
  </testcase>
  <testcase name="Test3" classname="Tests.TestCase3" time="3.254">
    <system-out><![CDATA[Text is present - Login to your account
Text is present - Your email or password is incorrect!
.........................Testcase 3 Completed.........................
]]></system-out>
    <system-err><![CDATA[Nov 24, 2024 10:55:41 AM org.openqa.selenium.devtools.CdpVersionFinder findNearestMatch
WARNING: Unable to find CDP implementation matching 131
Nov 24, 2024 10:55:41 AM org.openqa.selenium.chromium.ChromiumDriver lambda$new$5
WARNING: Unable to find version of CDP to use for 131.0.6778.86. You may need to include a dependency on a specific version of the CDP using something similar to `org.seleniumhq.selenium:selenium-devtools-v86:4.18.1` where the version ("v86") matches the version of the chromium-based browser you're using and the version number of the artifact is the same as Selenium's.
]]></system-err>
  </testcase>
  <testcase name="Test4" classname="Tests.TestCase4" time="20.854">
    <system-out><![CDATA[Yes it landed in correct page.. - Automation Exercise
Text is present - New User Signup!Access control systems
Text is present - ENTER ACCOUNT INFORMATION
Text is present - ACCOUNT CREATED!
Text is present - Logged in as Harini
Yes it landed in correct page.. - Automation Exercise - Signup / Login
Text is present - Login to your account
Text is present - Logged in as Harini
Text is present - ACCOUNT DELETED!
.........................Testcase 4 Completed.........................
]]></system-out>
    <system-err><![CDATA[Nov 24, 2024 10:55:50 AM org.openqa.selenium.devtools.CdpVersionFinder findNearestMatch
WARNING: Unable to find CDP implementation matching 131
Nov 24, 2024 10:55:50 AM org.openqa.selenium.chromium.ChromiumDriver lambda$new$5
WARNING: Unable to find version of CDP to use for 131.0.6778.86. You may need to include a dependency on a specific version of the CDP using something similar to `org.seleniumhq.selenium:selenium-devtools-v86:4.18.1` where the version ("v86") matches the version of the chromium-based browser you're using and the version number of the artifact is the same as Selenium's.
]]></system-err>
  </testcase>
  <testcase name="Test5" classname="Tests.TestCase5" time="27.528">
    <system-out><![CDATA[Yes it landed in correct page.. - Automation Exercise
Text is present - New User Signup!
Text is present - ENTER ACCOUNT INFORMATION
Text is present - ACCOUNT CREATED!
Text is present - Logged in as Harini
Yes it landed in correct page.. - Automation Exercise
Text is present - New User Signup!Access control systems
Text is present - Email Address already exist!
Text is present - Logged in as Harini
Text is present - ACCOUNT DELETED!
.........................Testcase 5 Completed.........................
]]></system-out>
    <system-err><![CDATA[Nov 24, 2024 10:56:17 AM org.openqa.selenium.devtools.CdpVersionFinder findNearestMatch
WARNING: Unable to find CDP implementation matching 131
Nov 24, 2024 10:56:17 AM org.openqa.selenium.chromium.ChromiumDriver lambda$new$5
WARNING: Unable to find version of CDP to use for 131.0.6778.86. You may need to include a dependency on a specific version of the CDP using something similar to `org.seleniumhq.selenium:selenium-devtools-v86:4.18.1` where the version ("v86") matches the version of the chromium-based browser you're using and the version number of the artifact is the same as Selenium's.
]]></system-err>
  </testcase>
  <testcase name="Test6" classname="Tests.TestCase6" time="5.229">
    <system-out><![CDATA[Yes it landed in correct page.. - Automation Exercise
Text is present - GET IN TOUCH
Text is present - Success! Your details have been submitted successfully.
Yes it landed in correct page.. - Automation Exercise
.........................Testcase 6 Completed.........................
]]></system-out>
    <system-err><![CDATA[Nov 24, 2024 10:56:49 AM org.openqa.selenium.devtools.CdpVersionFinder findNearestMatch
WARNING: Unable to find CDP implementation matching 131
Nov 24, 2024 10:56:49 AM org.openqa.selenium.chromium.ChromiumDriver lambda$new$5
WARNING: Unable to find version of CDP to use for 131.0.6778.86. You may need to include a dependency on a specific version of the CDP using something similar to `org.seleniumhq.selenium:selenium-devtools-v86:4.18.1` where the version ("v86") matches the version of the chromium-based browser you're using and the version number of the artifact is the same as Selenium's.
]]></system-err>
  </testcase>
  <testcase name="Test7" classname="Tests.TestCase7" time="2.072">
    <system-out><![CDATA[Yes it landed in correct page.. - Automation Exercise
Yes it landed in correct page.. - Automation Practice Website for UI Testing - Test Cases
.........................Testcase 7 Completed.........................
]]></system-out>
    <system-err><![CDATA[Nov 24, 2024 10:56:59 AM org.openqa.selenium.devtools.CdpVersionFinder findNearestMatch
WARNING: Unable to find CDP implementation matching 131
Nov 24, 2024 10:56:59 AM org.openqa.selenium.chromium.ChromiumDriver lambda$new$5
WARNING: Unable to find version of CDP to use for 131.0.6778.86. You may need to include a dependency on a specific version of the CDP using something similar to `org.seleniumhq.selenium:selenium-devtools-v86:4.18.1` where the version ("v86") matches the version of the chromium-based browser you're using and the version number of the artifact is the same as Selenium's.
]]></system-err>
  </testcase>
  <testcase name="Test8" classname="Tests.TestCase8" time="9.692">
    <system-out><![CDATA[Yes it landed in correct page.. - Automation Exercise
Text is present - ALL PRODUCTSSUMMER DRESSES
Total products availaible is :: 34
Blue Top
Men  Tshirt
Sleeveless  Dress
Stylish Dress
Winter Top
Summer White Top
Madame Top For Women
Fancy Green Top
Sleeves Printed Top - White
Half Sleeves Top Schiffli Detailing - Pink
Frozen Tops For Kids
Full Sleeves Top Cherry - Pink
Printed Off Shoulder Top - White
Sleeves Top and Short - Blue & Pink
Little Girls Mr. Panda Shirt
Sleeveless Unicorn Patch Gown - Pink
Cotton Mull Embroidered Dress
Blue Cotton Indie Mickey Dress
Long Maxi Tulle Fancy Dress Up Outfits -Pink
Sleeveless Unicorn Print Fit & Flare Net Dress - Multi
Colour Blocked Shirt – Sky Blue
Pure Cotton V-Neck T-Shirt
Green Side Placket Detail T-Shirt
Premium Polo T-Shirts
Pure Cotton Neon Green Tshirt
Soft Stretch Jeans
Regular Fit Straight Jeans
Grunt Blue Slim Fit Jeans
Rose Pink Embroidered Maxi Dress
Cotton Silk Hand Block Print Saree
Rust Red Linen Saree
Beautiful Peacock Blue Cotton Linen Saree
Lace Top For Women
GRAPHIC DESIGN MEN T SHIRT - BLUE
Text is present - Blue Top
Text is present - Category: Women > Tops
Text is present - Rs. 500
Text is present - Availability: In Stock
Text is present - Condition: New
Text is present - Brand:  PoloPolo shirts for uniforms
All the product details are available ....
.........................Testcase 8 Completed.........................
]]></system-out>
    <system-err><![CDATA[Nov 24, 2024 10:57:07 AM org.openqa.selenium.devtools.CdpVersionFinder findNearestMatch
WARNING: Unable to find CDP implementation matching 131
Nov 24, 2024 10:57:07 AM org.openqa.selenium.chromium.ChromiumDriver lambda$new$5
WARNING: Unable to find version of CDP to use for 131.0.6778.86. You may need to include a dependency on a specific version of the CDP using something similar to `org.seleniumhq.selenium:selenium-devtools-v86:4.18.1` where the version ("v86") matches the version of the chromium-based browser you're using and the version number of the artifact is the same as Selenium's.
]]></system-err>
  </testcase>
  <testcase name="Test9" classname="Tests.TestCase9" time="6.497">
    <system-out><![CDATA[Yes it landed in correct page.. - Automation Exercise
Text is present - ALL PRODUCTSCOTTON MULL DRESSES
Text is present - SEARCHED PRODUCTSNET DRESSES
Totals products with the name - Winter Top and products available are : 1
.........................Testcase 9 Completed.........................
]]></system-out>
    <system-err><![CDATA[Nov 24, 2024 10:57:23 AM org.openqa.selenium.devtools.CdpVersionFinder findNearestMatch
WARNING: Unable to find CDP implementation matching 131
Nov 24, 2024 10:57:23 AM org.openqa.selenium.chromium.ChromiumDriver lambda$new$5
WARNING: Unable to find version of CDP to use for 131.0.6778.86. You may need to include a dependency on a specific version of the CDP using something similar to `org.seleniumhq.selenium:selenium-devtools-v86:4.18.1` where the version ("v86") matches the version of the chromium-based browser you're using and the version number of the artifact is the same as Selenium's.
]]></system-err>
  </testcase>
  <testcase name="Test10" classname="Tests.TestCase10" time="3.358">
    <system-out><![CDATA[Yes it landed in correct page.. - Automation Exercise
Text is present - SUBSCRIPTION
Text is present - You have been successfully subscribed!
.........................Testcase 10 Completed.........................
]]></system-out>
    <system-err><![CDATA[Nov 24, 2024 10:57:36 AM org.openqa.selenium.devtools.CdpVersionFinder findNearestMatch
WARNING: Unable to find CDP implementation matching 131
Nov 24, 2024 10:57:36 AM org.openqa.selenium.chromium.ChromiumDriver lambda$new$5
WARNING: Unable to find version of CDP to use for 131.0.6778.86. You may need to include a dependency on a specific version of the CDP using something similar to `org.seleniumhq.selenium:selenium-devtools-v86:4.18.1` where the version ("v86") matches the version of the chromium-based browser you're using and the version number of the artifact is the same as Selenium's.
]]></system-err>
  </testcase>
  <testcase name="Test11" classname="Tests.TestCase11" time="4.435">
    <system-out><![CDATA[Yes it landed in correct page.. - Automation Exercise
Text is present - SUBSCRIPTION
Text is present - You have been successfully subscribed!
.........................Testcase 11 Completed.........................
]]></system-out>
    <system-err><![CDATA[Nov 24, 2024 10:57:45 AM org.openqa.selenium.devtools.CdpVersionFinder findNearestMatch
WARNING: Unable to find CDP implementation matching 131
Nov 24, 2024 10:57:45 AM org.openqa.selenium.chromium.ChromiumDriver lambda$new$5
WARNING: Unable to find version of CDP to use for 131.0.6778.86. You may need to include a dependency on a specific version of the CDP using something similar to `org.seleniumhq.selenium:selenium-devtools-v86:4.18.1` where the version ("v86") matches the version of the chromium-based browser you're using and the version number of the artifact is the same as Selenium's.
]]></system-err>
  </testcase>
  <testcase name="Test12" classname="Tests.TestCase12" time="13.002">
    <system-out><![CDATA[Yes it landed in correct page.. - Automation Exercise
Text is present - Price
Text is present - Quantity
Text is present - Total
==================
Text is present - Rs. 500
Text is present - 1
Text is present - Rs. 500
==================
Text is present - Rs. 400
Text is present - 1
Text is present - Rs. 400
.........................Testcase 12 Completed.........................
]]></system-out>
    <system-err><![CDATA[Nov 24, 2024 10:57:55 AM org.openqa.selenium.devtools.CdpVersionFinder findNearestMatch
WARNING: Unable to find CDP implementation matching 131
Nov 24, 2024 10:57:55 AM org.openqa.selenium.chromium.ChromiumDriver lambda$new$5
WARNING: Unable to find version of CDP to use for 131.0.6778.86. You may need to include a dependency on a specific version of the CDP using something similar to `org.seleniumhq.selenium:selenium-devtools-v86:4.18.1` where the version ("v86") matches the version of the chromium-based browser you're using and the version number of the artifact is the same as Selenium's.
]]></system-err>
  </testcase>
  <testcase name="Test13" classname="Tests.TestCase13" time="6.349">
    <system-out><![CDATA[Yes it landed in correct page.. - Automation Exercise
Text is present - Fancy Green Top
Category: Women > Tops
Rs. 700
Quantity: Add to cart
Availability: In Stock
Condition: New
Brand:  Polo
Yes given product is added to cart...
.........................Testcase 13 Completed.........................
]]></system-out>
    <system-err><![CDATA[Nov 24, 2024 10:58:23 AM org.openqa.selenium.devtools.CdpVersionFinder findNearestMatch
WARNING: Unable to find CDP implementation matching 131
Nov 24, 2024 10:58:23 AM org.openqa.selenium.chromium.ChromiumDriver lambda$new$5
WARNING: Unable to find version of CDP to use for 131.0.6778.86. You may need to include a dependency on a specific version of the CDP using something similar to `org.seleniumhq.selenium:selenium-devtools-v86:4.18.1` where the version ("v86") matches the version of the chromium-based browser you're using and the version number of the artifact is the same as Selenium's.
]]></system-err>
  </testcase>
  <testcase name="Test14" classname="Tests.TestCase14" time="32.647">
    <system-out><![CDATA[Yes it landed in correct page.. - Automation Exercise
Yes it landed in correct page.. - Automation Exercise - Checkout
Yes it landed in correct page.. - Automation Exercise
Text is present - New User Signup!User onboarding tools
Text is present - ENTER ACCOUNT INFORMATION
Text is present - ACCOUNT CREATED!
Text is present - Logged in as Harini
Text is present - Logged in as Harini
Text is present - YOUR DELIVERY ADDRESS
Mrs. Harini Nachimuthu
XYZ company
No 1 Street Chennai
Chennai Tamil Nadu 600 025
India
7890543212
Text is present - YOUR BILLING ADDRESS
Mrs. Harini Nachimuthu
XYZ company
No 1 Street Chennai
Chennai Tamil Nadu 600 025
India
7890543212
Text is present - Congratulations! Your order has been confirmed!
Text is present - Logged in as Harini
Text is present - ACCOUNT DELETED!
.........................Testcase 14 Completed.........................
]]></system-out>
    <system-err><![CDATA[Nov 24, 2024 10:58:36 AM org.openqa.selenium.devtools.CdpVersionFinder findNearestMatch
WARNING: Unable to find CDP implementation matching 131
Nov 24, 2024 10:58:36 AM org.openqa.selenium.chromium.ChromiumDriver lambda$new$5
WARNING: Unable to find version of CDP to use for 131.0.6778.86. You may need to include a dependency on a specific version of the CDP using something similar to `org.seleniumhq.selenium:selenium-devtools-v86:4.18.1` where the version ("v86") matches the version of the chromium-based browser you're using and the version number of the artifact is the same as Selenium's.
]]></system-err>
  </testcase>
  <testcase name="Test15" classname="Tests.TestCase15" time="26.903">
    <system-out><![CDATA[Yes it landed in correct page.. - Automation Exercise
Text is present - New User Signup!User onboarding tools
Text is present - ENTER ACCOUNT INFORMATION
Text is present - ACCOUNT CREATED!
Text is present - Logged in as Harini
Text is present - Logged in as Harini
Yes it landed in correct page.. - Automation Exercise - Checkout
Text is present - YOUR DELIVERY ADDRESS
Mrs. Harini Nachimuthu
XYZ company
No 1 Street Chennai
Chennai Tamil Nadu 600 025
India
7890543212
Text is present - YOUR BILLING ADDRESS
Mrs. Harini Nachimuthu
XYZ company
No 1 Street Chennai
Chennai Tamil Nadu 600 025
India
7890543212
Text is present - Congratulations! Your order has been confirmed!
Text is present - Logged in as Harini
Text is present - ACCOUNT DELETED!
.........................Testcase 15 Completed.........................
]]></system-out>
    <system-err><![CDATA[Nov 24, 2024 10:59:14 AM org.openqa.selenium.devtools.CdpVersionFinder findNearestMatch
WARNING: Unable to find CDP implementation matching 131
Nov 24, 2024 10:59:14 AM org.openqa.selenium.chromium.ChromiumDriver lambda$new$5
WARNING: Unable to find version of CDP to use for 131.0.6778.86. You may need to include a dependency on a specific version of the CDP using something similar to `org.seleniumhq.selenium:selenium-devtools-v86:4.18.1` where the version ("v86") matches the version of the chromium-based browser you're using and the version number of the artifact is the same as Selenium's.
]]></system-err>
  </testcase>
  <testcase name="Test16" classname="Tests.TestCase16" time="29.776">
    <system-out><![CDATA[Yes it landed in correct page.. - Automation Exercise
Text is present - New User Signup!Identity management solutions
Text is present - ENTER ACCOUNT INFORMATION
Text is present - ACCOUNT CREATED!
Text is present - Logged in as Harini
Text is present - Login to your account
Text is present - Logged in as Harini
Text is present - Logged in as Harini
Yes it landed in correct page.. - Automation Exercise - Checkout
Text is present - YOUR DELIVERY ADDRESS
Mrs. Harini Nachimuthu
XYZ company
No 1 Street Chennai
Chennai Tamil Nadu 600 025
India
7890543212
Text is present - YOUR BILLING ADDRESS
Mrs. Harini Nachimuthu
XYZ company
No 1 Street Chennai
Chennai Tamil Nadu 600 025
India
7890543212
Text is present - Congratulations! Your order has been confirmed!
Text is present - Logged in as Harini
Text is present - ACCOUNT DELETED!
.........................Testcase 16 Completed.........................
]]></system-out>
    <system-err><![CDATA[Nov 24, 2024 10:59:47 AM org.openqa.selenium.devtools.CdpVersionFinder findNearestMatch
WARNING: Unable to find CDP implementation matching 131
Nov 24, 2024 10:59:47 AM org.openqa.selenium.chromium.ChromiumDriver lambda$new$5
WARNING: Unable to find version of CDP to use for 131.0.6778.86. You may need to include a dependency on a specific version of the CDP using something similar to `org.seleniumhq.selenium:selenium-devtools-v86:4.18.1` where the version ("v86") matches the version of the chromium-based browser you're using and the version number of the artifact is the same as Selenium's.
]]></system-err>
  </testcase>
  <testcase name="Test17" classname="Tests.TestCase17" time="5.679">
    <system-out><![CDATA[Yes it landed in correct page.. - Automation Exercise
Yes it landed in correct page.. - Automation Exercise - Checkout
Text is present - Cart is empty! Click here to buy products.
.........................Testcase 17 Completed.........................
]]></system-out>
    <system-err><![CDATA[Nov 24, 2024 11:00:23 AM org.openqa.selenium.devtools.CdpVersionFinder findNearestMatch
WARNING: Unable to find CDP implementation matching 131
Nov 24, 2024 11:00:23 AM org.openqa.selenium.chromium.ChromiumDriver lambda$new$5
WARNING: Unable to find version of CDP to use for 131.0.6778.86. You may need to include a dependency on a specific version of the CDP using something similar to `org.seleniumhq.selenium:selenium-devtools-v86:4.18.1` where the version ("v86") matches the version of the chromium-based browser you're using and the version number of the artifact is the same as Selenium's.
]]></system-err>
  </testcase>
  <testcase name="Test18" classname="Tests.TestCase18" time="3.911">
    <system-out><![CDATA[Text is present - CATEGORY
Yes it landed in correct page.. - Automation Exercise - Dress Products
Yes it landed in correct page.. - Automation Exercise - Jeans Products
.........................Testcase 18 Completed.........................
]]></system-out>
    <system-err><![CDATA[Nov 24, 2024 11:00:35 AM org.openqa.selenium.devtools.CdpVersionFinder findNearestMatch
WARNING: Unable to find CDP implementation matching 131
Nov 24, 2024 11:00:35 AM org.openqa.selenium.chromium.ChromiumDriver lambda$new$5
WARNING: Unable to find version of CDP to use for 131.0.6778.86. You may need to include a dependency on a specific version of the CDP using something similar to `org.seleniumhq.selenium:selenium-devtools-v86:4.18.1` where the version ("v86") matches the version of the chromium-based browser you're using and the version number of the artifact is the same as Selenium's.
]]></system-err>
  </testcase>
  <testcase name="Test19" classname="Tests.TestCase19" time="6.238">
    <system-out><![CDATA[Text is present - BRANDS
Yes it landed in correct page.. - Automation Exercise - Mast & Harbour Products
Text is present - BRAND - MAST & HARBOUR PRODUCTS
Yes it landed in correct page.. - Automation Exercise - Allen Solly Junior Products
Text is present -  ALLEN SOLLY
.........................Testcase 19 Completed.........................
]]></system-out>
    <system-err><![CDATA[Nov 24, 2024 11:00:44 AM org.openqa.selenium.devtools.CdpVersionFinder findNearestMatch
WARNING: Unable to find CDP implementation matching 131
Nov 24, 2024 11:00:44 AM org.openqa.selenium.chromium.ChromiumDriver lambda$new$5
WARNING: Unable to find version of CDP to use for 131.0.6778.86. You may need to include a dependency on a specific version of the CDP using something similar to `org.seleniumhq.selenium:selenium-devtools-v86:4.18.1` where the version ("v86") matches the version of the chromium-based browser you're using and the version number of the artifact is the same as Selenium's.
]]></system-err>
  </testcase>
  <testcase name="Test20" classname="Tests.TestCase20" time="32.746">
    <system-out><![CDATA[Yes it landed in correct page.. - Automation Exercise - All Products
Total products available after particualr search : 3
The product names are :: 
 Cotton Silk Hand Block Print Saree
Rust Red Linen Saree
Beautiful Peacock Blue Cotton Linen Saree
The exact product expected product is not this one but this product contains what i searched for...
Yes,Expected cloth is in searched products lists - Rust Red Linen Saree
The exact product expected product is not this one but this product contains what i searched for...
Yes it landed in correct page.. - Automation Exercise
Text is present - New User Signup!Access control systems
Text is present - ENTER ACCOUNT INFORMATION
Text is present - ACCOUNT CREATED!
Text is present - Logged in as Harini
Text is present - Login to your account
Text is present - Logged in as Harini
Text is present - Women > Saree
Text is present - Women > Saree
Text is present - Women > Saree
Text is present - Cart is empty! Click here to buy products.
Text is present - ACCOUNT DELETED!
.........................Testcase 20 Completed.........................
]]></system-out>
    <system-err><![CDATA[Nov 24, 2024 11:00:55 AM org.openqa.selenium.devtools.CdpVersionFinder findNearestMatch
WARNING: Unable to find CDP implementation matching 131
Nov 24, 2024 11:00:55 AM org.openqa.selenium.chromium.ChromiumDriver lambda$new$5
WARNING: Unable to find version of CDP to use for 131.0.6778.86. You may need to include a dependency on a specific version of the CDP using something similar to `org.seleniumhq.selenium:selenium-devtools-v86:4.18.1` where the version ("v86") matches the version of the chromium-based browser you're using and the version number of the artifact is the same as Selenium's.
]]></system-err>
  </testcase>
  <testcase name="Test21" classname="Tests.TestCase21" time="4.927">
    <system-out><![CDATA[Yes it landed in correct page.. - Automation Exercise - All Products
Text is present - Thank you for your review.
.........................Testcase 21 Completed.........................
]]></system-out>
    <system-err><![CDATA[Nov 24, 2024 11:01:33 AM org.openqa.selenium.devtools.CdpVersionFinder findNearestMatch
WARNING: Unable to find CDP implementation matching 131
Nov 24, 2024 11:01:33 AM org.openqa.selenium.chromium.ChromiumDriver lambda$new$5
WARNING: Unable to find version of CDP to use for 131.0.6778.86. You may need to include a dependency on a specific version of the CDP using something similar to `org.seleniumhq.selenium:selenium-devtools-v86:4.18.1` where the version ("v86") matches the version of the chromium-based browser you're using and the version number of the artifact is the same as Selenium's.
]]></system-err>
  </testcase>
  <testcase name="Test22" classname="Tests.TestCase22" time="17.846">
    <system-out><![CDATA[Text is present - RECOMMENDED ITEMS
Yes, The recommended product is added to cart  and product name is - Blue Top
Yes, The recommended product is added to cart  and product name is - Men Tshirt
Yes, The recommended product is added to cart  and product name is - Sleeveless Dress
Yes, The recommended product is added to cart  and product name is - Stylish Dress
Yes, The recommended product is added to cart  and product name is - Winter Top
Yes, The recommended product is added to cart  and product name is - Summer White Top
.........................Testcase 22 Completed.........................
]]></system-out>
    <system-err><![CDATA[Nov 24, 2024 11:01:44 AM org.openqa.selenium.devtools.CdpVersionFinder findNearestMatch
WARNING: Unable to find CDP implementation matching 131
Nov 24, 2024 11:01:44 AM org.openqa.selenium.chromium.ChromiumDriver lambda$new$5
WARNING: Unable to find version of CDP to use for 131.0.6778.86. You may need to include a dependency on a specific version of the CDP using something similar to `org.seleniumhq.selenium:selenium-devtools-v86:4.18.1` where the version ("v86") matches the version of the chromium-based browser you're using and the version number of the artifact is the same as Selenium's.
]]></system-err>
  </testcase>
  <testcase name="Test23" classname="Tests.TestCase23" time="21.114">
    <system-out><![CDATA[Yes it landed in correct page.. - Automation Exercise
Text is present - New User Signup!
Text is present - ENTER ACCOUNT INFORMATION
Text is present - ACCOUNT CREATED!
Text is present - Logged in as Harini
Yes it landed in correct page.. - Automation Exercise - Checkout
Text is present - YOUR DELIVERY ADDRESS
Mrs. Harini Nachimuthu
XYZ company
No 1 Street Chennai
Chennai Tamil Nadu 600 025
India
7890543212
Text is present - YOUR BILLING ADDRESS
Mrs. Harini Nachimuthu
XYZ company
No 1 Street Chennai
Chennai Tamil Nadu 600 025
India
7890543212
Delivery name matches Invoice name.
Delivery company matches Invoice company.
Delivery address matches Invoice address.
Delivery city and state match Invoice city and state.
Delivery country matches Invoice country.
Delivery number matches Invoice number.
Text is present - Logged in as Harini
Text is present - ACCOUNT DELETED!
.........................Testcase 23 Completed.........................
]]></system-out>
    <system-err><![CDATA[Nov 24, 2024 11:02:07 AM org.openqa.selenium.devtools.CdpVersionFinder findNearestMatch
WARNING: Unable to find CDP implementation matching 131
Nov 24, 2024 11:02:07 AM org.openqa.selenium.chromium.ChromiumDriver lambda$new$5
WARNING: Unable to find version of CDP to use for 131.0.6778.86. You may need to include a dependency on a specific version of the CDP using something similar to `org.seleniumhq.selenium:selenium-devtools-v86:4.18.1` where the version ("v86") matches the version of the chromium-based browser you're using and the version number of the artifact is the same as Selenium's.
]]></system-err>
  </testcase>
  <testcase name="Test24" classname="Tests.TestCase24" time="39.118">
    <system-out><![CDATA[Yes it landed in correct page.. - Automation Exercise
Yes it landed in correct page.. - Automation Exercise - Checkout
Yes it landed in correct page.. - Automation Exercise
Text is present - New User Signup!Access control systems
Text is present - ENTER ACCOUNT INFORMATION
Text is present - ACCOUNT CREATED!
Text is present - Logged in as Harini
Text is present - Logged in as Harini
Text is present - YOUR DELIVERY ADDRESS
Mrs. Harini Nachimuthu
XYZ company
No 1 Street Chennai
Chennai Tamil Nadu 600 025
India
7890543212
Text is present - YOUR BILLING ADDRESS
Mrs. Harini Nachimuthu
XYZ company
No 1 Street Chennai
Chennai Tamil Nadu 600 025
India
7890543212
Text is present - Congratulations! Your order has been confirmed!
Text is present - Congratulations! Your order has been confirmed!
Text is present - Logged in as Harini
Text is present - ACCOUNT DELETED!
.........................Testcase 24 Completed.........................
]]></system-out>
    <system-err><![CDATA[Nov 24, 2024 11:02:42 AM org.openqa.selenium.devtools.CdpVersionFinder findNearestMatch
WARNING: Unable to find CDP implementation matching 131
Nov 24, 2024 11:02:42 AM org.openqa.selenium.chromium.ChromiumDriver lambda$new$5
WARNING: Unable to find version of CDP to use for 131.0.6778.86. You may need to include a dependency on a specific version of the CDP using something similar to `org.seleniumhq.selenium:selenium-devtools-v86:4.18.1` where the version ("v86") matches the version of the chromium-based browser you're using and the version number of the artifact is the same as Selenium's.
]]></system-err>
  </testcase>
  <testcase name="Test25" classname="Tests.TestCase25" time="3.571">
    <system-out><![CDATA[Yes it landed in correct page.. - Automation Exercise
Text is present - SUBSCRIPTION
Text is present - Full-Fledged practice website for Automation Engineers
.........................Testcase 25 Completed.........................
]]></system-out>
    <system-err><![CDATA[Nov 24, 2024 11:03:27 AM org.openqa.selenium.devtools.CdpVersionFinder findNearestMatch
WARNING: Unable to find CDP implementation matching 131
Nov 24, 2024 11:03:27 AM org.openqa.selenium.chromium.ChromiumDriver lambda$new$5
WARNING: Unable to find version of CDP to use for 131.0.6778.86. You may need to include a dependency on a specific version of the CDP using something similar to `org.seleniumhq.selenium:selenium-devtools-v86:4.18.1` where the version ("v86") matches the version of the chromium-based browser you're using and the version number of the artifact is the same as Selenium's.
]]></system-err>
  </testcase>
  <testcase name="Test26" classname="Tests.TestCase26" time="2.366">
    <system-out><![CDATA[Yes it landed in correct page.. - Automation Exercise
Text is present - SUBSCRIPTION
Text is present - Full-Fledged practice website for Automation Engineers
.........................Testcase 26 Completed.........................
]]></system-out>
    <system-err><![CDATA[Nov 24, 2024 11:03:37 AM org.openqa.selenium.devtools.CdpVersionFinder findNearestMatch
WARNING: Unable to find CDP implementation matching 131
Nov 24, 2024 11:03:37 AM org.openqa.selenium.chromium.ChromiumDriver lambda$new$5
WARNING: Unable to find version of CDP to use for 131.0.6778.86. You may need to include a dependency on a specific version of the CDP using something similar to `org.seleniumhq.selenium:selenium-devtools-v86:4.18.1` where the version ("v86") matches the version of the chromium-based browser you're using and the version number of the artifact is the same as Selenium's.
]]></system-err>
  </testcase>
</testsuite>